<?xml version="1.0" encoding="UTF-8"?>
<testng-results skipped="0" failed="0" ignored="0" total="3" passed="3">
  <reporter-output>
  </reporter-output>
  <suite name="Default suite" duration-ms="76939" started-at="2019-11-20T11:09:48 IST" finished-at="2019-11-20T11:11:05 IST">
    <groups>
    </groups>
    <test name="Default test" duration-ms="76939" started-at="2019-11-20T11:09:48 IST" finished-at="2019-11-20T11:11:05 IST">
      <class name="com.training.sanity.tests.LoginTests">
        <test-method status="PASS" signature="setUpBeforeClass()[pri:0, instance:com.training.sanity.tests.LoginTests@79be0360]" name="setUpBeforeClass" is-config="true" duration-ms="25" started-at="2019-11-20T11:09:48 IST" finished-at="2019-11-20T11:09:48 IST">
          <reporter-output>
          </reporter-output>
        </test-method> <!-- setUpBeforeClass -->
        <test-method status="PASS" signature="setUp()[pri:0, instance:com.training.sanity.tests.LoginTests@79be0360]" name="setUp" is-config="true" duration-ms="16336" started-at="2019-11-20T11:09:48 IST" finished-at="2019-11-20T11:10:04 IST">
          <reporter-output>
          </reporter-output>
        </test-method> <!-- setUp -->
        <test-method status="PASS" signature="userRegisterTest()[pri:1, instance:com.training.sanity.tests.LoginTests@79be0360]" name="userRegisterTest" duration-ms="5684" started-at="2019-11-20T11:10:04 IST" finished-at="2019-11-20T11:10:10 IST">
          <reporter-output>
          </reporter-output>
        </test-method> <!-- userRegisterTest -->
        <test-method status="PASS" signature="tearDown()[pri:0, instance:com.training.sanity.tests.LoginTests@79be0360]" name="tearDown" is-config="true" duration-ms="1944" started-at="2019-11-20T11:10:10 IST" finished-at="2019-11-20T11:10:12 IST">
          <reporter-output>
          </reporter-output>
        </test-method> <!-- tearDown -->
        <test-method status="PASS" signature="setUp()[pri:0, instance:com.training.sanity.tests.LoginTests@79be0360]" name="setUp" is-config="true" duration-ms="15213" started-at="2019-11-20T11:10:12 IST" finished-at="2019-11-20T11:10:27 IST">
          <reporter-output>
          </reporter-output>
        </test-method> <!-- setUp -->
        <test-method status="PASS" signature="validLoginTest()[pri:2, instance:com.training.sanity.tests.LoginTests@79be0360]" name="validLoginTest" duration-ms="4238" started-at="2019-11-20T11:10:27 IST" finished-at="2019-11-20T11:10:31 IST">
          <reporter-output>
          </reporter-output>
        </test-method> <!-- validLoginTest -->
        <test-method status="PASS" signature="tearDown()[pri:0, instance:com.training.sanity.tests.LoginTests@79be0360]" name="tearDown" is-config="true" duration-ms="2234" started-at="2019-11-20T11:10:31 IST" finished-at="2019-11-20T11:10:33 IST">
          <reporter-output>
          </reporter-output>
        </test-method> <!-- tearDown -->
        <test-method status="PASS" signature="setUp()[pri:0, instance:com.training.sanity.tests.LoginTests@79be0360]" name="setUp" is-config="true" duration-ms="15122" started-at="2019-11-20T11:10:33 IST" finished-at="2019-11-20T11:10:49 IST">
          <reporter-output>
          </reporter-output>
        </test-method> <!-- setUp -->
        <test-method status="PASS" signature="forgotPasswd()[pri:3, instance:com.training.sanity.tests.LoginTests@79be0360]" name="forgotPasswd" duration-ms="14105" started-at="2019-11-20T11:10:49 IST" finished-at="2019-11-20T11:11:03 IST">
          <reporter-output>
          </reporter-output>
        </test-method> <!-- forgotPasswd -->
        <test-method status="PASS" signature="tearDown()[pri:0, instance:com.training.sanity.tests.LoginTests@79be0360]" name="tearDown" is-config="true" duration-ms="1984" started-at="2019-11-20T11:11:03 IST" finished-at="2019-11-20T11:11:05 IST">
          <reporter-output>
          </reporter-output>
        </test-method> <!-- tearDown -->
      </class> <!-- com.training.sanity.tests.LoginTests -->
    </test> <!-- Default test -->
  </suite> <!-- Default suite -->
</testng-results>
