<?xml version="1.0" encoding="UTF-8"?>
<!-- Generated by org.testng.reporters.JUnitXMLReporter -->
<testsuite hostname="DESKTOP-U50TKUC" ignored="0" name="Default test" tests="3" failures="0" timestamp="2019-11-20T11:11:05 IST" time="76.939" errors="0">
  <testcase name="userRegisterTest" time="5.684" classname="com.training.sanity.tests.LoginTests"/>
  <testcase name="validLoginTest" time="4.238" classname="com.training.sanity.tests.LoginTests"/>
  <testcase name="forgotPasswd" time="14.105" classname="com.training.sanity.tests.LoginTests"/>
</testsuite> <!-- Default test -->
