<?xml version="1.0" encoding="UTF-8"?>
<!-- Generated by org.testng.reporters.JUnitXMLReporter -->
<testsuite hostname="DESKTOP-U50TKUC" ignored="0" name="Default test" tests="3" failures="0" timestamp="2019-11-14T16:48:32 IST" time="107.718" errors="0">
  <testcase name="userRegisterTest" time="6.194" classname="com.training.sanity.tests.LoginTests"/>
  <testcase name="validLoginTest" time="5.661" classname="com.training.sanity.tests.LoginTests"/>
  <testcase name="forgotPasswd" time="19.047" classname="com.training.sanity.tests.LoginTests"/>
</testsuite> <!-- Default test -->
